[2025-09-09T09:05:48.437000+00:00] main.INFO: {"feed":"salesOrders","operation":"full reindex(legacy)","status":"Initialize","elapsed":"00:00:00 165 ms","pid":"12","caller":"bin\/magento setup:install --admin-firstname=Scandiweb --admin-lastname=Developer --admin-email=developer@scandipwa.com --admin-user=admin"} [] []
[2025-09-09T09:05:48.492794+00:00] main.INFO: {"feed":"salesOrders","operation":"full reindex(legacy)","status":"Creating batch table `sales_data_exporter_orders_index_batches`. Start position: 0","elapsed":"00:00:00 221 ms","pid":"12","caller":"bin\/magento setup:install --admin-firstname=Scandiweb --admin-lastname=Developer --admin-email=developer@scandipwa.com --admin-user=admin"} [] []
[2025-09-09T09:05:48.530091+00:00] main.INFO: {"feed":"salesOrders","operation":"full reindex(legacy)","status":"Batch table `sales_data_exporter_orders_index_batches` created. Total Items: 0, batches: ~0","elapsed":"00:00:00 258 ms","pid":"12","caller":"bin\/magento setup:install --admin-firstname=Scandiweb --admin-lastname=Developer --admin-email=developer@scandipwa.com --admin-user=admin"} [] []
[2025-09-09T09:05:48.530262+00:00] main.INFO: {"feed":"salesOrders","operation":"full reindex(legacy)","status":"nothing to process - no items to sync. Not expected? Are there any items in source table `sales_order`?","elapsed":"00:00:00 258 ms","pid":"12","caller":"bin\/magento setup:install --admin-firstname=Scandiweb --admin-lastname=Developer --admin-email=developer@scandipwa.com --admin-user=admin"} [] []
[2025-09-09T09:05:48.533096+00:00] main.INFO: {"feed":"salesOrders","operation":"full reindex(legacy)","status":"Complete","elapsed":"00:00:00 261 ms","pid":"12","caller":"bin\/magento setup:install --admin-firstname=Scandiweb --admin-lastname=Developer --admin-email=developer@scandipwa.com --admin-user=admin"} [] []
[2025-09-09T09:05:48.546297+00:00] main.INFO: {"feed":"salesOrderStatuses","operation":"full reindex(legacy)","status":"Initialize","elapsed":"00:00:00 384 ms","pid":"12","caller":"bin\/magento setup:install --admin-firstname=Scandiweb --admin-lastname=Developer --admin-email=developer@scandipwa.com --admin-user=admin"} [] []
[2025-09-09T09:05:48.597038+00:00] main.INFO: {"feed":"salesOrderStatuses","operation":"full reindex(legacy)","status":"Creating batch table `sales_data_exporter_order_statuses_index_batches`. Start position: ","elapsed":"00:00:00 434 ms","pid":"12","caller":"bin\/magento setup:install --admin-firstname=Scandiweb --admin-lastname=Developer --admin-email=developer@scandipwa.com --admin-user=admin"} [] []
[2025-09-09T09:05:48.649194+00:00] main.INFO: {"feed":"salesOrderStatuses","operation":"full reindex(legacy)","status":"Batch table `sales_data_exporter_order_statuses_index_batches` created. Total Items: 12, batches: ~0","elapsed":"00:00:00 487 ms","pid":"12","caller":"bin\/magento setup:install --admin-firstname=Scandiweb --admin-lastname=Developer --admin-email=developer@scandipwa.com --admin-user=admin"} [] []
[2025-09-09T09:05:48.649596+00:00] main.INFO: {"feed":"salesOrderStatuses","operation":"full reindex(legacy)","status":"start processing `12` items in `1` threads with `100` batch size","elapsed":"00:00:00 487 ms","pid":"12","caller":"bin\/magento setup:install --admin-firstname=Scandiweb --admin-lastname=Developer --admin-email=developer@scandipwa.com --admin-user=admin"} [] []
[2025-09-09T09:05:48.677493+00:00] main.INFO: {"feed":"salesOrderStatuses","operation":"full reindex(legacy)","status":"Progress 1\/1, processed 12, synced 12","elapsed":"00:00:00 515 ms","pid":"12","caller":"bin\/magento setup:install --admin-firstname=Scandiweb --admin-lastname=Developer --admin-email=developer@scandipwa.com --admin-user=admin"} [] []
[2025-09-09T09:05:48.682635+00:00] main.INFO: {"feed":"salesOrderStatuses","operation":"full reindex(legacy)","status":"Complete","elapsed":"00:00:00 520 ms","pid":"12","caller":"bin\/magento setup:install --admin-firstname=Scandiweb --admin-lastname=Developer --admin-email=developer@scandipwa.com --admin-user=admin"} [] []
[2025-09-09T09:05:48.708851+00:00] main.INFO: {"feed":"stores","operation":"full reindex(legacy)","status":"Initialize","elapsed":"00:00:00 709 ms","pid":"12","caller":"bin\/magento setup:install --admin-firstname=Scandiweb --admin-lastname=Developer --admin-email=developer@scandipwa.com --admin-user=admin"} [] []
[2025-09-09T09:05:48.758586+00:00] main.INFO: {"feed":"stores","operation":"full reindex(legacy)","status":"Creating batch table `stores_data_exporter_index_batches`. Start position: 0","elapsed":"00:00:00 758 ms","pid":"12","caller":"bin\/magento setup:install --admin-firstname=Scandiweb --admin-lastname=Developer --admin-email=developer@scandipwa.com --admin-user=admin"} [] []
[2025-09-09T09:05:48.793249+00:00] main.INFO: {"feed":"stores","operation":"full reindex(legacy)","status":"Batch table `stores_data_exporter_index_batches` created. Total Items: 1, batches: ~0","elapsed":"00:00:00 793 ms","pid":"12","caller":"bin\/magento setup:install --admin-firstname=Scandiweb --admin-lastname=Developer --admin-email=developer@scandipwa.com --admin-user=admin"} [] []
[2025-09-09T09:05:48.793632+00:00] main.INFO: {"feed":"stores","operation":"full reindex(legacy)","status":"start processing `1` items in `1` threads with `100` batch size","elapsed":"00:00:00 794 ms","pid":"12","caller":"bin\/magento setup:install --admin-firstname=Scandiweb --admin-lastname=Developer --admin-email=developer@scandipwa.com --admin-user=admin"} [] []
[2025-09-09T09:05:48.809516+00:00] main.INFO: {"feed":"stores","operation":"full reindex(legacy)","status":"Progress 1\/1, processed 1, synced 1","elapsed":"00:00:00 809 ms","pid":"12","caller":"bin\/magento setup:install --admin-firstname=Scandiweb --admin-lastname=Developer --admin-email=developer@scandipwa.com --admin-user=admin"} [] []
[2025-09-09T09:05:48.812665+00:00] main.INFO: {"feed":"stores","operation":"full reindex(legacy)","status":"Complete","elapsed":"00:00:00 813 ms","pid":"12","caller":"bin\/magento setup:install --admin-firstname=Scandiweb --admin-lastname=Developer --admin-email=developer@scandipwa.com --admin-user=admin"} [] []
[2025-09-09T10:32:03.855111+00:00] main.INFO: {"feed":"salesOrders","operation":"full reindex(legacy)","status":"Initialize","elapsed":"1 ms","pid":"186452","caller":"bin\/magento indexer:reindex"} [] []
[2025-09-09T10:32:03.928178+00:00] main.INFO: {"feed":"salesOrders","operation":"full reindex(legacy)","status":"Creating batch table `sales_data_exporter_orders_index_batches`. Start position: 0","elapsed":"74 ms","pid":"186452","caller":"bin\/magento indexer:reindex"} [] []
[2025-09-09T10:32:03.970035+00:00] main.INFO: {"feed":"salesOrders","operation":"full reindex(legacy)","status":"Batch table `sales_data_exporter_orders_index_batches` created. Total Items: 0, batches: ~0","elapsed":"116 ms","pid":"186452","caller":"bin\/magento indexer:reindex"} [] []
[2025-09-09T10:32:03.970341+00:00] main.INFO: {"feed":"salesOrders","operation":"full reindex(legacy)","status":"nothing to process - no items to sync. Not expected? Are there any items in source table `sales_order`?","elapsed":"117 ms","pid":"186452","caller":"bin\/magento indexer:reindex"} [] []
[2025-09-09T10:32:03.974426+00:00] main.INFO: {"feed":"salesOrders","operation":"full reindex(legacy)","status":"Complete","elapsed":"121 ms","pid":"186452","caller":"bin\/magento indexer:reindex"} [] []
[2025-09-09T10:32:03.999043+00:00] main.INFO: {"feed":"salesOrderStatuses","operation":"full reindex(legacy)","status":"Initialize","elapsed":"289 ms","pid":"186452","caller":"bin\/magento indexer:reindex"} [] []
[2025-09-09T10:32:04.074001+00:00] main.INFO: {"feed":"salesOrderStatuses","operation":"full reindex(legacy)","status":"Creating batch table `sales_data_exporter_order_statuses_index_batches`. Start position: ","elapsed":"364 ms","pid":"186452","caller":"bin\/magento indexer:reindex"} [] []
[2025-09-09T10:32:04.147593+00:00] main.INFO: {"feed":"salesOrderStatuses","operation":"full reindex(legacy)","status":"Batch table `sales_data_exporter_order_statuses_index_batches` created. Total Items: 12, batches: ~0","elapsed":"438 ms","pid":"186452","caller":"bin\/magento indexer:reindex"} [] []
[2025-09-09T10:32:04.148198+00:00] main.INFO: {"feed":"salesOrderStatuses","operation":"full reindex(legacy)","status":"start processing `12` items in `1` threads with `100` batch size","elapsed":"438 ms","pid":"186452","caller":"bin\/magento indexer:reindex"} [] []
[2025-09-09T10:32:04.203705+00:00] main.INFO: {"feed":"salesOrderStatuses","operation":"full reindex(legacy)","status":"Progress 1\/1, processed 12, synced 12","elapsed":"494 ms","pid":"186452","caller":"bin\/magento indexer:reindex"} [] []
[2025-09-09T10:32:04.218609+00:00] main.INFO: {"feed":"salesOrderStatuses","operation":"full reindex(legacy)","status":"Complete","elapsed":"509 ms","pid":"186452","caller":"bin\/magento indexer:reindex"} [] []
[2025-09-09T10:32:04.243054+00:00] main.INFO: {"feed":"stores","operation":"full reindex(legacy)","status":"Initialize","elapsed":"777 ms","pid":"186452","caller":"bin\/magento indexer:reindex"} [] []
[2025-09-09T10:32:04.307228+00:00] main.INFO: {"feed":"stores","operation":"full reindex(legacy)","status":"Creating batch table `stores_data_exporter_index_batches`. Start position: 0","elapsed":"841 ms","pid":"186452","caller":"bin\/magento indexer:reindex"} [] []
[2025-09-09T10:32:04.345747+00:00] main.INFO: {"feed":"stores","operation":"full reindex(legacy)","status":"Batch table `stores_data_exporter_index_batches` created. Total Items: 1, batches: ~0","elapsed":"880 ms","pid":"186452","caller":"bin\/magento indexer:reindex"} [] []
[2025-09-09T10:32:04.346034+00:00] main.INFO: {"feed":"stores","operation":"full reindex(legacy)","status":"start processing `1` items in `1` threads with `100` batch size","elapsed":"880 ms","pid":"186452","caller":"bin\/magento indexer:reindex"} [] []
[2025-09-09T10:32:04.356603+00:00] main.INFO: {"feed":"stores","operation":"full reindex(legacy)","status":"Progress 1\/1, processed 1, synced 1","elapsed":"891 ms","pid":"186452","caller":"bin\/magento indexer:reindex"} [] []
[2025-09-09T10:32:04.360170+00:00] main.INFO: {"feed":"stores","operation":"full reindex(legacy)","status":"Complete","elapsed":"894 ms","pid":"186452","caller":"bin\/magento indexer:reindex"} [] []
[2025-09-09T11:10:32.389413+00:00] main.INFO: {"feed":"salesOrders","operation":"full reindex(legacy)","status":"Initialize","elapsed":"00:00:00 70 ms","pid":"216259","caller":"bin\/magento indexer:reindex"} [] []
[2025-09-09T11:10:32.463342+00:00] main.INFO: {"feed":"salesOrders","operation":"full reindex(legacy)","status":"Creating batch table `sales_data_exporter_orders_index_batches`. Start position: 0","elapsed":"00:00:00 144 ms","pid":"216259","caller":"bin\/magento indexer:reindex"} [] []
[2025-09-09T11:10:32.506411+00:00] main.INFO: {"feed":"salesOrders","operation":"full reindex(legacy)","status":"Batch table `sales_data_exporter_orders_index_batches` created. Total Items: 0, batches: ~0","elapsed":"00:00:00 187 ms","pid":"216259","caller":"bin\/magento indexer:reindex"} [] []
[2025-09-09T11:10:32.506817+00:00] main.INFO: {"feed":"salesOrders","operation":"full reindex(legacy)","status":"nothing to process - no items to sync. Not expected? Are there any items in source table `sales_order`?","elapsed":"00:00:00 187 ms","pid":"216259","caller":"bin\/magento indexer:reindex"} [] []
[2025-09-09T11:10:32.512118+00:00] main.INFO: {"feed":"salesOrders","operation":"full reindex(legacy)","status":"Complete","elapsed":"00:00:00 193 ms","pid":"216259","caller":"bin\/magento indexer:reindex"} [] []
[2025-09-09T11:10:32.534790+00:00] main.INFO: {"feed":"salesOrderStatuses","operation":"full reindex(legacy)","status":"Initialize","elapsed":"00:00:00 361 ms","pid":"216259","caller":"bin\/magento indexer:reindex"} [] []
[2025-09-09T11:10:32.598616+00:00] main.INFO: {"feed":"salesOrderStatuses","operation":"full reindex(legacy)","status":"Creating batch table `sales_data_exporter_order_statuses_index_batches`. Start position: ","elapsed":"00:00:00 424 ms","pid":"216259","caller":"bin\/magento indexer:reindex"} [] []
[2025-09-09T11:10:32.648707+00:00] main.INFO: {"feed":"salesOrderStatuses","operation":"full reindex(legacy)","status":"Batch table `sales_data_exporter_order_statuses_index_batches` created. Total Items: 12, batches: ~0","elapsed":"00:00:00 475 ms","pid":"216259","caller":"bin\/magento indexer:reindex"} [] []
[2025-09-09T11:10:32.649053+00:00] main.INFO: {"feed":"salesOrderStatuses","operation":"full reindex(legacy)","status":"start processing `12` items in `1` threads with `100` batch size","elapsed":"00:00:00 475 ms","pid":"216259","caller":"bin\/magento indexer:reindex"} [] []
[2025-09-09T11:10:32.672075+00:00] main.INFO: {"feed":"salesOrderStatuses","operation":"full reindex(legacy)","status":"Progress 1\/1, processed 12, synced 12","elapsed":"00:00:00 498 ms","pid":"216259","caller":"bin\/magento indexer:reindex"} [] []
[2025-09-09T11:10:32.678242+00:00] main.INFO: {"feed":"salesOrderStatuses","operation":"full reindex(legacy)","status":"Complete","elapsed":"00:00:00 504 ms","pid":"216259","caller":"bin\/magento indexer:reindex"} [] []
[2025-09-09T11:10:32.709190+00:00] main.INFO: {"feed":"stores","operation":"full reindex(legacy)","status":"Initialize","elapsed":"00:00:00 709 ms","pid":"216259","caller":"bin\/magento indexer:reindex"} [] []
[2025-09-09T11:10:32.776957+00:00] main.INFO: {"feed":"stores","operation":"full reindex(legacy)","status":"Creating batch table `stores_data_exporter_index_batches`. Start position: 0","elapsed":"00:00:00 777 ms","pid":"216259","caller":"bin\/magento indexer:reindex"} [] []
[2025-09-09T11:10:32.816855+00:00] main.INFO: {"feed":"stores","operation":"full reindex(legacy)","status":"Batch table `stores_data_exporter_index_batches` created. Total Items: 1, batches: ~0","elapsed":"00:00:00 817 ms","pid":"216259","caller":"bin\/magento indexer:reindex"} [] []
[2025-09-09T11:10:32.817266+00:00] main.INFO: {"feed":"stores","operation":"full reindex(legacy)","status":"start processing `1` items in `1` threads with `100` batch size","elapsed":"00:00:00 818 ms","pid":"216259","caller":"bin\/magento indexer:reindex"} [] []
[2025-09-09T11:10:32.829647+00:00] main.INFO: {"feed":"stores","operation":"full reindex(legacy)","status":"Progress 1\/1, processed 1, synced 1","elapsed":"00:00:00 830 ms","pid":"216259","caller":"bin\/magento indexer:reindex"} [] []
[2025-09-09T11:10:32.835639+00:00] main.INFO: {"feed":"stores","operation":"full reindex(legacy)","status":"Complete","elapsed":"00:00:00 836 ms","pid":"216259","caller":"bin\/magento indexer:reindex"} [] []
[2025-09-09T11:12:39.655417+00:00] main.INFO: {"feed":"salesOrders","operation":"full reindex(legacy)","status":"Initialize","elapsed":"00:00:00 602 ms","pid":"217831","caller":"bin\/magento indexer:reindex"} [] []
[2025-09-09T11:12:39.758377+00:00] main.INFO: {"feed":"salesOrders","operation":"full reindex(legacy)","status":"Creating batch table `sales_data_exporter_orders_index_batches`. Start position: 0","elapsed":"00:00:00 705 ms","pid":"217831","caller":"bin\/magento indexer:reindex"} [] []
[2025-09-09T11:12:39.810927+00:00] main.INFO: {"feed":"salesOrders","operation":"full reindex(legacy)","status":"Batch table `sales_data_exporter_orders_index_batches` created. Total Items: 0, batches: ~0","elapsed":"00:00:00 757 ms","pid":"217831","caller":"bin\/magento indexer:reindex"} [] []
[2025-09-09T11:12:39.811950+00:00] main.INFO: {"feed":"salesOrders","operation":"full reindex(legacy)","status":"nothing to process - no items to sync. Not expected? Are there any items in source table `sales_order`?","elapsed":"00:00:00 758 ms","pid":"217831","caller":"bin\/magento indexer:reindex"} [] []
[2025-09-09T11:12:39.817835+00:00] main.INFO: {"feed":"salesOrders","operation":"full reindex(legacy)","status":"Complete","elapsed":"00:00:00 764 ms","pid":"217831","caller":"bin\/magento indexer:reindex"} [] []
[2025-09-09T11:12:39.847831+00:00] main.INFO: {"feed":"salesOrderStatuses","operation":"full reindex(legacy)","status":"Initialize","elapsed":"00:00:00 987 ms","pid":"217831","caller":"bin\/magento indexer:reindex"} [] []
[2025-09-09T11:12:39.922638+00:00] main.INFO: {"feed":"salesOrderStatuses","operation":"full reindex(legacy)","status":"Creating batch table `sales_data_exporter_order_statuses_index_batches`. Start position: ","elapsed":"00:00:01 62 ms","pid":"217831","caller":"bin\/magento indexer:reindex"} [] []
[2025-09-09T11:12:39.987769+00:00] main.INFO: {"feed":"salesOrderStatuses","operation":"full reindex(legacy)","status":"Batch table `sales_data_exporter_order_statuses_index_batches` created. Total Items: 12, batches: ~0","elapsed":"00:00:01 127 ms","pid":"217831","caller":"bin\/magento indexer:reindex"} [] []
[2025-09-09T11:12:39.988293+00:00] main.INFO: {"feed":"salesOrderStatuses","operation":"full reindex(legacy)","status":"start processing `12` items in `1` threads with `100` batch size","elapsed":"00:00:01 127 ms","pid":"217831","caller":"bin\/magento indexer:reindex"} [] []
[2025-09-09T11:12:40.032324+00:00] main.INFO: {"feed":"salesOrderStatuses","operation":"full reindex(legacy)","status":"Progress 1\/1, processed 12, synced 12","elapsed":"00:00:01 171 ms","pid":"217831","caller":"bin\/magento indexer:reindex"} [] []
[2025-09-09T11:12:40.039749+00:00] main.INFO: {"feed":"salesOrderStatuses","operation":"full reindex(legacy)","status":"Complete","elapsed":"00:00:01 179 ms","pid":"217831","caller":"bin\/magento indexer:reindex"} [] []
[2025-09-09T11:12:40.068725+00:00] main.INFO: {"feed":"stores","operation":"full reindex(legacy)","status":"Initialize","elapsed":"428 ms","pid":"217831","caller":"bin\/magento indexer:reindex"} [] []
[2025-09-09T11:12:40.156547+00:00] main.INFO: {"feed":"stores","operation":"full reindex(legacy)","status":"Creating batch table `stores_data_exporter_index_batches`. Start position: 0","elapsed":"516 ms","pid":"217831","caller":"bin\/magento indexer:reindex"} [] []
[2025-09-09T11:12:40.212807+00:00] main.INFO: {"feed":"stores","operation":"full reindex(legacy)","status":"Batch table `stores_data_exporter_index_batches` created. Total Items: 1, batches: ~0","elapsed":"573 ms","pid":"217831","caller":"bin\/magento indexer:reindex"} [] []
[2025-09-09T11:12:40.213352+00:00] main.INFO: {"feed":"stores","operation":"full reindex(legacy)","status":"start processing `1` items in `1` threads with `100` batch size","elapsed":"573 ms","pid":"217831","caller":"bin\/magento indexer:reindex"} [] []
[2025-09-09T11:12:40.227633+00:00] main.INFO: {"feed":"stores","operation":"full reindex(legacy)","status":"Progress 1\/1, processed 1, synced 1","elapsed":"587 ms","pid":"217831","caller":"bin\/magento indexer:reindex"} [] []
[2025-09-09T11:12:40.232537+00:00] main.INFO: {"feed":"stores","operation":"full reindex(legacy)","status":"Complete","elapsed":"592 ms","pid":"217831","caller":"bin\/magento indexer:reindex"} [] []
[2025-09-09T11:22:48.911622+00:00] main.INFO: {"feed":"salesOrders","operation":"full reindex(legacy)","status":"Initialize","elapsed":"114 ms","pid":"225863","caller":"bin\/magento indexer:reindex"} [] []
[2025-09-09T11:22:48.983676+00:00] main.INFO: {"feed":"salesOrders","operation":"full reindex(legacy)","status":"Creating batch table `sales_data_exporter_orders_index_batches`. Start position: 0","elapsed":"186 ms","pid":"225863","caller":"bin\/magento indexer:reindex"} [] []
[2025-09-09T11:22:49.021925+00:00] main.INFO: {"feed":"salesOrders","operation":"full reindex(legacy)","status":"Batch table `sales_data_exporter_orders_index_batches` created. Total Items: 0, batches: ~0","elapsed":"225 ms","pid":"225863","caller":"bin\/magento indexer:reindex"} [] []
[2025-09-09T11:22:49.022529+00:00] main.INFO: {"feed":"salesOrders","operation":"full reindex(legacy)","status":"nothing to process - no items to sync. Not expected? Are there any items in source table `sales_order`?","elapsed":"225 ms","pid":"225863","caller":"bin\/magento indexer:reindex"} [] []
[2025-09-09T11:22:49.029057+00:00] main.INFO: {"feed":"salesOrders","operation":"full reindex(legacy)","status":"Complete","elapsed":"232 ms","pid":"225863","caller":"bin\/magento indexer:reindex"} [] []
[2025-09-09T11:22:49.054372+00:00] main.INFO: {"feed":"salesOrderStatuses","operation":"full reindex(legacy)","status":"Initialize","elapsed":"400 ms","pid":"225863","caller":"bin\/magento indexer:reindex"} [] []
[2025-09-09T11:22:49.124742+00:00] main.INFO: {"feed":"salesOrderStatuses","operation":"full reindex(legacy)","status":"Creating batch table `sales_data_exporter_order_statuses_index_batches`. Start position: ","elapsed":"470 ms","pid":"225863","caller":"bin\/magento indexer:reindex"} [] []
[2025-09-09T11:22:49.167932+00:00] main.INFO: {"feed":"salesOrderStatuses","operation":"full reindex(legacy)","status":"Batch table `sales_data_exporter_order_statuses_index_batches` created. Total Items: 12, batches: ~0","elapsed":"513 ms","pid":"225863","caller":"bin\/magento indexer:reindex"} [] []
[2025-09-09T11:22:49.168277+00:00] main.INFO: {"feed":"salesOrderStatuses","operation":"full reindex(legacy)","status":"start processing `12` items in `1` threads with `100` batch size","elapsed":"514 ms","pid":"225863","caller":"bin\/magento indexer:reindex"} [] []
[2025-09-09T11:22:49.193106+00:00] main.INFO: {"feed":"salesOrderStatuses","operation":"full reindex(legacy)","status":"Progress 1\/1, processed 12, synced 12","elapsed":"539 ms","pid":"225863","caller":"bin\/magento indexer:reindex"} [] []
[2025-09-09T11:22:49.198418+00:00] main.INFO: {"feed":"salesOrderStatuses","operation":"full reindex(legacy)","status":"Complete","elapsed":"544 ms","pid":"225863","caller":"bin\/magento indexer:reindex"} [] []
[2025-09-09T11:22:49.220216+00:00] main.INFO: {"feed":"stores","operation":"full reindex(legacy)","status":"Initialize","elapsed":"732 ms","pid":"225863","caller":"bin\/magento indexer:reindex"} [] []
[2025-09-09T11:22:49.292966+00:00] main.INFO: {"feed":"stores","operation":"full reindex(legacy)","status":"Creating batch table `stores_data_exporter_index_batches`. Start position: 0","elapsed":"804 ms","pid":"225863","caller":"bin\/magento indexer:reindex"} [] []
[2025-09-09T11:22:49.342613+00:00] main.INFO: {"feed":"stores","operation":"full reindex(legacy)","status":"Batch table `stores_data_exporter_index_batches` created. Total Items: 1, batches: ~0","elapsed":"854 ms","pid":"225863","caller":"bin\/magento indexer:reindex"} [] []
[2025-09-09T11:22:49.343232+00:00] main.INFO: {"feed":"stores","operation":"full reindex(legacy)","status":"start processing `1` items in `1` threads with `100` batch size","elapsed":"855 ms","pid":"225863","caller":"bin\/magento indexer:reindex"} [] []
[2025-09-09T11:22:49.357218+00:00] main.INFO: {"feed":"stores","operation":"full reindex(legacy)","status":"Progress 1\/1, processed 1, synced 1","elapsed":"868 ms","pid":"225863","caller":"bin\/magento indexer:reindex"} [] []
[2025-09-09T11:22:49.363380+00:00] main.INFO: {"feed":"stores","operation":"full reindex(legacy)","status":"Complete","elapsed":"875 ms","pid":"225863","caller":"bin\/magento indexer:reindex"} [] []
[2025-09-09T11:26:27.619836+00:00] main.INFO: {"feed":"salesOrders","operation":"full reindex(legacy)","status":"Initialize","elapsed":"00:00:00 531 ms","pid":"229130","caller":"bin\/magento indexer:reindex"} [] []
[2025-09-09T11:26:27.699056+00:00] main.INFO: {"feed":"salesOrders","operation":"full reindex(legacy)","status":"Creating batch table `sales_data_exporter_orders_index_batches`. Start position: 0","elapsed":"00:00:00 610 ms","pid":"229130","caller":"bin\/magento indexer:reindex"} [] []
[2025-09-09T11:26:27.743101+00:00] main.INFO: {"feed":"salesOrders","operation":"full reindex(legacy)","status":"Batch table `sales_data_exporter_orders_index_batches` created. Total Items: 0, batches: ~0","elapsed":"00:00:00 654 ms","pid":"229130","caller":"bin\/magento indexer:reindex"} [] []
[2025-09-09T11:26:27.743805+00:00] main.INFO: {"feed":"salesOrders","operation":"full reindex(legacy)","status":"nothing to process - no items to sync. Not expected? Are there any items in source table `sales_order`?","elapsed":"00:00:00 655 ms","pid":"229130","caller":"bin\/magento indexer:reindex"} [] []
[2025-09-09T11:26:27.747533+00:00] main.INFO: {"feed":"salesOrders","operation":"full reindex(legacy)","status":"Complete","elapsed":"00:00:00 658 ms","pid":"229130","caller":"bin\/magento indexer:reindex"} [] []
[2025-09-09T11:26:27.768816+00:00] main.INFO: {"feed":"salesOrderStatuses","operation":"full reindex(legacy)","status":"Initialize","elapsed":"00:00:00 829 ms","pid":"229130","caller":"bin\/magento indexer:reindex"} [] []
[2025-09-09T11:26:27.838010+00:00] main.INFO: {"feed":"salesOrderStatuses","operation":"full reindex(legacy)","status":"Creating batch table `sales_data_exporter_order_statuses_index_batches`. Start position: ","elapsed":"00:00:00 898 ms","pid":"229130","caller":"bin\/magento indexer:reindex"} [] []
[2025-09-09T11:26:27.883723+00:00] main.INFO: {"feed":"salesOrderStatuses","operation":"full reindex(legacy)","status":"Batch table `sales_data_exporter_order_statuses_index_batches` created. Total Items: 12, batches: ~0","elapsed":"00:00:01 944 ms","pid":"229130","caller":"bin\/magento indexer:reindex"} [] []
[2025-09-09T11:26:27.884016+00:00] main.INFO: {"feed":"salesOrderStatuses","operation":"full reindex(legacy)","status":"start processing `12` items in `1` threads with `100` batch size","elapsed":"00:00:01 944 ms","pid":"229130","caller":"bin\/magento indexer:reindex"} [] []
[2025-09-09T11:26:27.909933+00:00] main.INFO: {"feed":"salesOrderStatuses","operation":"full reindex(legacy)","status":"Progress 1\/1, processed 12, synced 12","elapsed":"00:00:01 970 ms","pid":"229130","caller":"bin\/magento indexer:reindex"} [] []
[2025-09-09T11:26:27.915764+00:00] main.INFO: {"feed":"salesOrderStatuses","operation":"full reindex(legacy)","status":"Complete","elapsed":"00:00:01 976 ms","pid":"229130","caller":"bin\/magento indexer:reindex"} [] []
[2025-09-09T11:26:27.940609+00:00] main.INFO: {"feed":"stores","operation":"full reindex(legacy)","status":"Initialize","elapsed":"172 ms","pid":"229130","caller":"bin\/magento indexer:reindex"} [] []
[2025-09-09T11:26:28.021296+00:00] main.INFO: {"feed":"stores","operation":"full reindex(legacy)","status":"Creating batch table `stores_data_exporter_index_batches`. Start position: 0","elapsed":"253 ms","pid":"229130","caller":"bin\/magento indexer:reindex"} [] []
[2025-09-09T11:26:28.073358+00:00] main.INFO: {"feed":"stores","operation":"full reindex(legacy)","status":"Batch table `stores_data_exporter_index_batches` created. Total Items: 1, batches: ~0","elapsed":"305 ms","pid":"229130","caller":"bin\/magento indexer:reindex"} [] []
[2025-09-09T11:26:28.073912+00:00] main.INFO: {"feed":"stores","operation":"full reindex(legacy)","status":"start processing `1` items in `1` threads with `100` batch size","elapsed":"306 ms","pid":"229130","caller":"bin\/magento indexer:reindex"} [] []
[2025-09-09T11:26:28.086544+00:00] main.INFO: {"feed":"stores","operation":"full reindex(legacy)","status":"Progress 1\/1, processed 1, synced 1","elapsed":"318 ms","pid":"229130","caller":"bin\/magento indexer:reindex"} [] []
[2025-09-09T11:26:28.090117+00:00] main.INFO: {"feed":"stores","operation":"full reindex(legacy)","status":"Complete","elapsed":"322 ms","pid":"229130","caller":"bin\/magento indexer:reindex"} [] []
[2025-09-09T11:32:54.151480+00:00] main.INFO: {"feed":"salesOrders","operation":"full reindex(legacy)","status":"Initialize","elapsed":"594 ms","pid":"233854","caller":"bin\/magento indexer:reindex"} [] []
[2025-09-09T11:32:54.229272+00:00] main.INFO: {"feed":"salesOrders","operation":"full reindex(legacy)","status":"Creating batch table `sales_data_exporter_orders_index_batches`. Start position: 0","elapsed":"672 ms","pid":"233854","caller":"bin\/magento indexer:reindex"} [] []
[2025-09-09T11:32:54.282190+00:00] main.INFO: {"feed":"salesOrders","operation":"full reindex(legacy)","status":"Batch table `sales_data_exporter_orders_index_batches` created. Total Items: 0, batches: ~0","elapsed":"725 ms","pid":"233854","caller":"bin\/magento indexer:reindex"} [] []
[2025-09-09T11:32:54.282583+00:00] main.INFO: {"feed":"salesOrders","operation":"full reindex(legacy)","status":"nothing to process - no items to sync. Not expected? Are there any items in source table `sales_order`?","elapsed":"725 ms","pid":"233854","caller":"bin\/magento indexer:reindex"} [] []
[2025-09-09T11:32:54.286470+00:00] main.INFO: {"feed":"salesOrders","operation":"full reindex(legacy)","status":"Complete","elapsed":"729 ms","pid":"233854","caller":"bin\/magento indexer:reindex"} [] []
[2025-09-09T11:32:54.308340+00:00] main.INFO: {"feed":"salesOrderStatuses","operation":"full reindex(legacy)","status":"Initialize","elapsed":"908 ms","pid":"233854","caller":"bin\/magento indexer:reindex"} [] []
[2025-09-09T11:32:54.382765+00:00] main.INFO: {"feed":"salesOrderStatuses","operation":"full reindex(legacy)","status":"Creating batch table `sales_data_exporter_order_statuses_index_batches`. Start position: ","elapsed":"982 ms","pid":"233854","caller":"bin\/magento indexer:reindex"} [] []
[2025-09-09T11:32:54.435091+00:00] main.INFO: {"feed":"salesOrderStatuses","operation":"full reindex(legacy)","status":"Batch table `sales_data_exporter_order_statuses_index_batches` created. Total Items: 12, batches: ~0","elapsed":"00:00:00 34 ms","pid":"233854","caller":"bin\/magento indexer:reindex"} [] []
[2025-09-09T11:32:54.435590+00:00] main.INFO: {"feed":"salesOrderStatuses","operation":"full reindex(legacy)","status":"start processing `12` items in `1` threads with `100` batch size","elapsed":"00:00:00 35 ms","pid":"233854","caller":"bin\/magento indexer:reindex"} [] []
[2025-09-09T11:32:54.469469+00:00] main.INFO: {"feed":"salesOrderStatuses","operation":"full reindex(legacy)","status":"Progress 1\/1, processed 12, synced 12","elapsed":"00:00:00 69 ms","pid":"233854","caller":"bin\/magento indexer:reindex"} [] []
[2025-09-09T11:32:54.475959+00:00] main.INFO: {"feed":"salesOrderStatuses","operation":"full reindex(legacy)","status":"Complete","elapsed":"00:00:00 75 ms","pid":"233854","caller":"bin\/magento indexer:reindex"} [] []
[2025-09-09T11:32:54.500899+00:00] main.INFO: {"feed":"stores","operation":"full reindex(legacy)","status":"Initialize","elapsed":"00:00:00 293 ms","pid":"233854","caller":"bin\/magento indexer:reindex"} [] []
[2025-09-09T11:32:54.573750+00:00] main.INFO: {"feed":"stores","operation":"full reindex(legacy)","status":"Creating batch table `stores_data_exporter_index_batches`. Start position: 0","elapsed":"00:00:00 366 ms","pid":"233854","caller":"bin\/magento indexer:reindex"} [] []
[2025-09-09T11:32:54.614527+00:00] main.INFO: {"feed":"stores","operation":"full reindex(legacy)","status":"Batch table `stores_data_exporter_index_batches` created. Total Items: 1, batches: ~0","elapsed":"00:00:00 406 ms","pid":"233854","caller":"bin\/magento indexer:reindex"} [] []
[2025-09-09T11:32:54.614850+00:00] main.INFO: {"feed":"stores","operation":"full reindex(legacy)","status":"start processing `1` items in `1` threads with `100` batch size","elapsed":"00:00:00 407 ms","pid":"233854","caller":"bin\/magento indexer:reindex"} [] []
[2025-09-09T11:32:54.625988+00:00] main.INFO: {"feed":"stores","operation":"full reindex(legacy)","status":"Progress 1\/1, processed 1, synced 1","elapsed":"00:00:00 418 ms","pid":"233854","caller":"bin\/magento indexer:reindex"} [] []
[2025-09-09T11:32:54.631734+00:00] main.INFO: {"feed":"stores","operation":"full reindex(legacy)","status":"Complete","elapsed":"00:00:00 424 ms","pid":"233854","caller":"bin\/magento indexer:reindex"} [] []
[2025-09-09T11:36:03.588937+00:00] main.INFO: {"feed":"salesOrders","operation":"full reindex(legacy)","status":"Initialize","elapsed":"00:00:00 469 ms","pid":"236338","caller":"bin\/magento indexer:reindex"} [] []
[2025-09-09T11:36:03.665863+00:00] main.INFO: {"feed":"salesOrders","operation":"full reindex(legacy)","status":"Creating batch table `sales_data_exporter_orders_index_batches`. Start position: 0","elapsed":"00:00:00 546 ms","pid":"236338","caller":"bin\/magento indexer:reindex"} [] []
[2025-09-09T11:36:03.700988+00:00] main.INFO: {"feed":"salesOrders","operation":"full reindex(legacy)","status":"Batch table `sales_data_exporter_orders_index_batches` created. Total Items: 0, batches: ~0","elapsed":"00:00:00 581 ms","pid":"236338","caller":"bin\/magento indexer:reindex"} [] []
[2025-09-09T11:36:03.701285+00:00] main.INFO: {"feed":"salesOrders","operation":"full reindex(legacy)","status":"nothing to process - no items to sync. Not expected? Are there any items in source table `sales_order`?","elapsed":"00:00:00 581 ms","pid":"236338","caller":"bin\/magento indexer:reindex"} [] []
[2025-09-09T11:36:03.703539+00:00] main.INFO: {"feed":"salesOrders","operation":"full reindex(legacy)","status":"Complete","elapsed":"00:00:00 584 ms","pid":"236338","caller":"bin\/magento indexer:reindex"} [] []
[2025-09-09T11:36:03.727896+00:00] main.INFO: {"feed":"salesOrderStatuses","operation":"full reindex(legacy)","status":"Initialize","elapsed":"00:00:00 747 ms","pid":"236338","caller":"bin\/magento indexer:reindex"} [] []
[2025-09-09T11:36:03.786253+00:00] main.INFO: {"feed":"salesOrderStatuses","operation":"full reindex(legacy)","status":"Creating batch table `sales_data_exporter_order_statuses_index_batches`. Start position: ","elapsed":"00:00:00 805 ms","pid":"236338","caller":"bin\/magento indexer:reindex"} [] []
[2025-09-09T11:36:03.842398+00:00] main.INFO: {"feed":"salesOrderStatuses","operation":"full reindex(legacy)","status":"Batch table `sales_data_exporter_order_statuses_index_batches` created. Total Items: 12, batches: ~0","elapsed":"00:00:00 861 ms","pid":"236338","caller":"bin\/magento indexer:reindex"} [] []
[2025-09-09T11:36:03.842746+00:00] main.INFO: {"feed":"salesOrderStatuses","operation":"full reindex(legacy)","status":"start processing `12` items in `1` threads with `100` batch size","elapsed":"00:00:00 862 ms","pid":"236338","caller":"bin\/magento indexer:reindex"} [] []
[2025-09-09T11:36:03.873861+00:00] main.INFO: {"feed":"salesOrderStatuses","operation":"full reindex(legacy)","status":"Progress 1\/1, processed 12, synced 12","elapsed":"00:00:01 893 ms","pid":"236338","caller":"bin\/magento indexer:reindex"} [] []
[2025-09-09T11:36:03.878977+00:00] main.INFO: {"feed":"salesOrderStatuses","operation":"full reindex(legacy)","status":"Complete","elapsed":"00:00:01 898 ms","pid":"236338","caller":"bin\/magento indexer:reindex"} [] []
[2025-09-09T11:36:03.896829+00:00] main.INFO: {"feed":"stores","operation":"full reindex(legacy)","status":"Initialize","elapsed":"85 ms","pid":"236338","caller":"bin\/magento indexer:reindex"} [] []
[2025-09-09T11:36:03.960714+00:00] main.INFO: {"feed":"stores","operation":"full reindex(legacy)","status":"Creating batch table `stores_data_exporter_index_batches`. Start position: 0","elapsed":"149 ms","pid":"236338","caller":"bin\/magento indexer:reindex"} [] []
[2025-09-09T11:36:04.002640+00:00] main.INFO: {"feed":"stores","operation":"full reindex(legacy)","status":"Batch table `stores_data_exporter_index_batches` created. Total Items: 1, batches: ~0","elapsed":"191 ms","pid":"236338","caller":"bin\/magento indexer:reindex"} [] []
[2025-09-09T11:36:04.003026+00:00] main.INFO: {"feed":"stores","operation":"full reindex(legacy)","status":"start processing `1` items in `1` threads with `100` batch size","elapsed":"191 ms","pid":"236338","caller":"bin\/magento indexer:reindex"} [] []
[2025-09-09T11:36:04.013971+00:00] main.INFO: {"feed":"stores","operation":"full reindex(legacy)","status":"Progress 1\/1, processed 1, synced 1","elapsed":"202 ms","pid":"236338","caller":"bin\/magento indexer:reindex"} [] []
[2025-09-09T11:36:04.019658+00:00] main.INFO: {"feed":"stores","operation":"full reindex(legacy)","status":"Complete","elapsed":"208 ms","pid":"236338","caller":"bin\/magento indexer:reindex"} [] []
